Collecting geoip2==4.4.0 (from -r ./utils/requirements.txt (line 1))
  Downloading geoip2-4.4.0-py2.py3-none-any.whl.metadata (16 kB)
Collecting PyYAML==6.0 (from -r ./utils/requirements.txt (line 2))
  Downloading PyYAML-6.0-cp39-cp39-manylinux_2_5_x86_64.manylinux1_x86_64.manylinux_2_12_x86_64.manylinux2010_x86_64.whl.metadata (2.0 kB)
Collecting requests==2.28.1 (from -r ./utils/requirements.txt (line 3))
  Downloading requests-2.28.1-py3-none-any.whl.metadata (4.6 kB)
Collecting aiohttp<4.0.0,>=3.6.2 (from geoip2==4.4.0->-r ./utils/requirements.txt (line 1))
  Downloading aiohttp-3.12.14-cp39-cp39-manylinux_2_17_x86_64.manylinux2014_x86_64.whl.metadata (7.6 kB)
Collecting maxminddb<3.0.0,>=2.2.0 (from geoip2==4.4.0->-r ./utils/requirements.txt (line 1))
  Downloading maxminddb-2.7.0-cp39-cp39-manylinux_2_17_x86_64.manylinux2014_x86_64.whl.metadata (5.0 kB)
Collecting urllib3<2.0.0,>=1.25.2 (from geoip2==4.4.0->-r ./utils/requirements.txt (line 1))
  Downloading urllib3-1.26.20-py2.py3-none-any.whl.metadata (50 kB)
Collecting charset-normalizer<3,>=2 (from requests==2.28.1->-r ./utils/requirements.txt (line 3))
  Downloading charset_normalizer-2.1.1-py3-none-any.whl.metadata (11 kB)
Collecting idna<4,>=2.5 (from requests==2.28.1->-r ./utils/requirements.txt (line 3))
  Downloading idna-3.10-py3-none-any.whl.metadata (10 kB)
Collecting certifi>=2017.4.17 (from requests==2.28.1->-r ./utils/requirements.txt (line 3))
  Downloading certifi-2025.7.14-py3-none-any.whl.metadata (2.4 kB)
Collecting aiohappyeyeballs>=2.5.0 (from aiohttp<4.0.0,>=3.6.2->geoip2==4.4.0->-r ./utils/requirements.txt (line 1))
  Downloading aiohappyeyeballs-2.6.1-py3-none-any.whl.metadata (5.9 kB)
Collecting aiosignal>=1.4.0 (from aiohttp<4.0.0,>=3.6.2->geoip2==4.4.0->-r ./utils/requirements.txt (line 1))
  Downloading aiosignal-1.4.0-py3-none-any.whl.metadata (3.7 kB)
Collecting async-timeout<6.0,>=4.0 (from aiohttp<4.0.0,>=3.6.2->geoip2==4.4.0->-r ./utils/requirements.txt (line 1))
  Downloading async_timeout-5.0.1-py3-none-any.whl.metadata (5.1 kB)
Collecting attrs>=17.3.0 (from aiohttp<4.0.0,>=3.6.2->geoip2==4.4.0->-r ./utils/requirements.txt (line 1))
  Downloading attrs-25.3.0-py3-none-any.whl.metadata (10 kB)
Collecting frozenlist>=1.1.1 (from aiohttp<4.0.0,>=3.6.2->geoip2==4.4.0->-r ./utils/requirements.txt (line 1))
  Downloading frozenlist-1.7.0-cp39-cp39-manylinux_2_5_x86_64.manylinux1_x86_64.manylinux_2_17_x86_64.manylinux2014_x86_64.whl.metadata (18 kB)
Collecting multidict<7.0,>=4.5 (from aiohttp<4.0.0,>=3.6.2->geoip2==4.4.0->-r ./utils/requirements.txt (line 1))
  Downloading multidict-6.6.3-cp39-cp39-manylinux2014_x86_64.manylinux_2_17_x86_64.manylinux_2_28_x86_64.whl.metadata (5.3 kB)
Collecting propcache>=0.2.0 (from aiohttp<4.0.0,>=3.6.2->geoip2==4.4.0->-r ./utils/requirements.txt (line 1))
  Downloading propcache-0.3.2-cp39-cp39-manylinux_2_17_x86_64.manylinux2014_x86_64.whl.metadata (12 kB)
Collecting yarl<2.0,>=1.17.0 (from aiohttp<4.0.0,>=3.6.2->geoip2==4.4.0->-r ./utils/requirements.txt (line 1))
  Downloading yarl-1.20.1-cp39-cp39-manylinux_2_17_x86_64.manylinux2014_x86_64.whl.metadata (73 kB)
Collecting typing-extensions>=4.1.0 (from multidict<7.0,>=4.5->aiohttp<4.0.0,>=3.6.2->geoip2==4.4.0->-r ./utils/requirements.txt (line 1))
  Downloading typing_extensions-4.14.1-py3-none-any.whl.metadata (3.0 kB)
Downloading geoip2-4.4.0-py2.py3-none-any.whl (25 kB)
Downloading requests-2.28.1-py3-none-any.whl (62 kB)
Downloading PyYAML-6.0-cp39-cp39-manylinux_2_5_x86_64.manylinux1_x86_64.manylinux_2_12_x86_64.manylinux2010_x86_64.whl (661 kB)
   ━━━━━━━━━━━━━━━━━━━━━━━━━━━━━━━━━━━━━━━━ 661.8/661.8 kB 34.0 MB/s eta 0:00:00
Downloading aiohttp-3.12.14-cp39-cp39-manylinux_2_17_x86_64.manylinux2014_x86_64.whl (1.6 MB)
   ━━━━━━━━━━━━━━━━━━━━━━━━━━━━━━━━━━━━━━━━ 1.6/1.6 MB 96.7 MB/s eta 0:00:00
Downloading async_timeout-5.0.1-py3-none-any.whl (6.2 kB)
Downloading charset_normalizer-2.1.1-py3-none-any.whl (39 kB)
Downloading idna-3.10-py3-none-any.whl (70 kB)
Downloading maxminddb-2.7.0-cp39-cp39-manylinux_2_17_x86_64.manylinux2014_x86_64.whl (87 kB)
Downloading multidict-6.6.3-cp39-cp39-manylinux2014_x86_64.manylinux_2_17_x86_64.manylinux_2_28_x86_64.whl (239 kB)
Downloading urllib3-1.26.20-py2.py3-none-any.whl (144 kB)
Downloading yarl-1.20.1-cp39-cp39-manylinux_2_17_x86_64.manylinux2014_x86_64.whl (327 kB)
Downloading aiohappyeyeballs-2.6.1-py3-none-any.whl (15 kB)
Downloading aiosignal-1.4.0-py3-none-any.whl (7.5 kB)
Downloading attrs-25.3.0-py3-none-any.whl (63 kB)
Downloading certifi-2025.7.14-py3-none-any.whl (162 kB)
Downloading frozenlist-1.7.0-cp39-cp39-manylinux_2_5_x86_64.manylinux1_x86_64.manylinux_2_17_x86_64.manylinux2014_x86_64.whl (225 kB)
Downloading propcache-0.3.2-cp39-cp39-manylinux_2_17_x86_64.manylinux2014_x86_64.whl (200 kB)
Downloading typing_extensions-4.14.1-py3-none-any.whl (43 kB)
Installing collected packages: urllib3, typing-extensions, PyYAML, propcache, maxminddb, idna, frozenlist, charset-normalizer, certifi, attrs, async-timeout, aiohappyeyeballs, requests, multidict, aiosignal, yarl, aiohttp, geoip2

Successfully installed PyYAML-6.0 aiohappyeyeballs-2.6.1 aiohttp-3.12.14 aiosignal-1.4.0 async-timeout-5.0.1 attrs-25.3.0 certifi-2025.7.14 charset-normalizer-2.1.1 frozenlist-1.7.0 geoip2-4.4.0 idna-3.10 maxminddb-2.7.0 multidict-6.6.3 propcache-0.3.2 requests-2.28.1 typing-extensions-4.14.1 urllib3-1.26.20 yarl-1.20.1
