21012
https://t.me/s/PrivateVPNs?before=21012
113808
https://t.me/s/FreeV2rays?before=113808
3105
https://t.me/s/DigiV2ray?before=3105
995
https://t.me/s/v2rayNG_VPN?before=995
709
https://t.me/s/iranvpnet?before=709
4343
https://t.me/s/vpn_proxy_custom?before=4343
6945
https://t.me/s/vip_vpn_2022?before=6945
2430
https://t.me/s/FOX_VPN66?before=2430
4
https://t.me/s/VorTexIRN?before=4
27641
https://t.me/s/ultrasurf_12?before=27641
149
https://t.me/s/God_CONFIG?before=149
https://t.me/s/God_CONFIG?before=128
https://t.me/s/God_CONFIG?before=107
https://t.me/s/God_CONFIG?before=86
https://t.me/s/God_CONFIG?before=65
https://t.me/s/God_CONFIG?before=44
https://t.me/s/God_CONFIG?before=23
https://t.me/s/God_CONFIG?before=2
1955
https://t.me/s/fnet00?before=1955
3048
https://t.me/s/therealaleph?before=3048
842
https://t.me/s/AM_TEAMMM?before=842
2335
https://t.me/s/Lockey_vpn?before=2335
70
https://t.me/s/XsV2ray?before=70
9312
https://t.me/s/shh_proxy?before=9312
1145
https://t.me/s/iTV2RAY?before=1145
70
https://t.me/s/V2rayNGmat?before=70
https://t.me/s/V2rayNGmat?before=49
https://t.me/s/V2rayNGmat?before=28
https://t.me/s/V2rayNGmat?before=7
6723
https://t.me/s/ARv2ray?before=6723
451
https://t.me/s/v2rayng_org?before=451
6419
https://t.me/s/custom_14?before=6419
3942
https://t.me/s/FreeVlessVpn?before=3942
18953
https://t.me/s/freeland8?before=18953
13347
https://t.me/s/ShadowsocksM?before=13347
1957
https://t.me/s/v2rayan?before=1957
1226
https://t.me/s/Easy_Free_VPN?before=1226
12172
https://t.me/s/V2RAY_VMESS_free?before=12172
5278
https://t.me/s/vpn_ocean?before=5278
6761
https://t.me/s/configV2rayForFree?before=6761
113808
https://t.me/s/FreeV2rays?before=113808
1955
https://t.me/s/fnet00?before=1955
2669
https://t.me/s/V2pedia?before=2669
7977
https://t.me/s/melov2ray?before=7977
19693
https://t.me/s/Outlinev2rayNG?before=19693
9738
https://t.me/s/iP_CF?before=9738
3
https://t.me/s/VPNCUSTOMIZE?before=3
1790
https://t.me/s/Royalping_ir?before=1790
3456
https://t.me/s/rxv2ray?before=3456
5
https://t.me/s/VpnFreeSec?before=5
8078
https://t.me/s/lightning6?before=8078
675
https://t.me/s/WebShecan?before=675
149
https://t.me/s/God_CONFIG?before=149
https://t.me/s/God_CONFIG?before=128
https://t.me/s/God_CONFIG?before=107
https://t.me/s/God_CONFIG?before=86
https://t.me/s/God_CONFIG?before=65
https://t.me/s/God_CONFIG?before=44
https://t.me/s/God_CONFIG?before=23
https://t.me/s/God_CONFIG?before=2
3125
https://t.me/s/Awlix_ir?before=3125
5146
https://t.me/s/FreakConfig?before=5146
3
https://t.me/s/frev2ray?before=3
2
https://t.me/s/BestV2rang?before=2
276
https://t.me/s/TPvpn_Official?before=276
389
https://t.me/s/proxyymeliii?before=389
2801
https://t.me/s/MsV2ray?before=2801
1
https://t.me/s/free_v2rayyy?before=1
16012
https://t.me/s/v2ray1_ng?before=16012
63
https://t.me/s/vless_vmess?before=63
4
https://t.me/s/MTConfig?before=4
1803
https://t.me/s/vmess_vless_v2rayng?before=1803
26
https://t.me/s/Cov2ray?before=26
https://t.me/s/Cov2ray?before=5
24
https://t.me/s/V2RayTz?before=24
4077
https://t.me/s/VmessProtocol?before=4077
17163
https://t.me/s/MehradLearn?before=17163
8480
https://t.me/s/SafeNet_Server?before=8480
3687
https://t.me/s/ovpn2?before=3687
5438
https://t.me/s/lrnbymaa?before=5438
6536
https://t.me/s/vpn_tehran?before=6536
5761
https://t.me/s/v2ray_vpn_ir?before=5761
3669
https://t.me/s/v2_team?before=3669
1201437
https://t.me/s/ConfigsHUB?before=1201437
768
https://t.me/s/V2rayngninja?before=768
9260
https://t.me/s/proxystore11?before=9260
2699
https://t.me/s/yaney_01?before=2699
846
https://t.me/s/rayvps?before=846
15698
https://t.me/s/free1_vpn?before=15698
13593
https://t.me/s/Parsashonam?before=13593
78511
https://t.me/s/Hope_Net?before=78511
13
https://t.me/s/VPNCLOP?before=13
17085
https://t.me/s/VlessConfig?before=17085
6367
https://t.me/s/NIM_VPN_ir?before=6367
1
https://t.me/s/hashmakvpn?before=1
527
https://t.me/s/iran_ray?before=527
14174
https://t.me/s/ServerNett?before=14174
525
https://t.me/s/CloudCityy?before=525
1123
https://t.me/s/shopingv2ray?before=1123
3
https://t.me/s/Proxy_PJ?before=3
20149
https://t.me/s/V2rayng_Fast?before=20149
96
https://t.me/s/v2ray_swhil?before=96
53
https://t.me/s/V2rayNGn?before=53
21012
https://t.me/s/PrivateVPNs?before=21012
17972
https://t.me/s/DirectVPN?before=17972
7928
https://t.me/s/NetAccount?before=7928
11069
https://t.me/s/Outline_Vpn?before=11069
5243
https://t.me/s/vpn_xw?before=5243
32924
https://t.me/s/prrofile_purple?before=32924
14752
https://t.me/s/ShadowSocks_s?before=14752
18132
https://t.me/s/customv2ray?before=18132
File written successfully
File written successfully
File written successfully
File written successfully
File written successfully
